build/intermediates/manifest_merge_blame_file/release/manifest-merger-blame-release-report.txt
1<?xml version="1.0" encoding="utf-8"?>
2<manifest xmlns:android="http://schemas.android.com/apk/res/android"
3    package="com.android.history"
4    android:versionCode="1"
5    android:versionName="1.0" >
6
7    <uses-sdk
8        android:minSdkVersion="21"
8-->src/main/AndroidManifest.xml
9        android:targetSdkVersion="30" />
9-->src/main/AndroidManifest.xml
10
11    <application
11-->src/main/AndroidManifest.xml:4:5-23:19
12        android:allowBackup="true"
12-->src/main/AndroidManifest.xml:5:9-35
13        android:appComponentFactory="androidx.core.app.CoreComponentFactory"
13-->[androidx.core:core:1.1.0] AndroidManifest.xml:24:18-86
14        android:icon="@mipmap/ic_launcher"
14-->src/main/AndroidManifest.xml:6:9-43
15        android:label="@string/app_name"
15-->src/main/AndroidManifest.xml:7:9-41
16        android:roundIcon="@mipmap/ic_launcher_round"
16-->src/main/AndroidManifest.xml:8:9-54
17        android:supportsRtl="true"
17-->src/main/AndroidManifest.xml:9:9-35
18        android:theme="@style/AppTheme" >
18-->src/main/AndroidManifest.xml:10:9-40
19        <activity android:name="com.android.history.activity.OpenActivity" >
19-->src/main/AndroidManifest.xml:11:9-17:20
19-->src/main/AndroidManifest.xml:11:19-56
20            <intent-filter>
20-->src/main/AndroidManifest.xml:12:13-16:29
21                <action android:name="android.intent.action.MAIN" />
21-->src/main/AndroidManifest.xml:13:17-69
21-->src/main/AndroidManifest.xml:13:25-66
22
23                <category android:name="android.intent.category.LAUNCHER" />
23-->src/main/AndroidManifest.xml:15:17-77
23-->src/main/AndroidManifest.xml:15:27-74
24            </intent-filter>
25        </activity>
26        <activity android:name="com.android.history.activity.MainActivity" />
26-->src/main/AndroidManifest.xml:18:9-58
26-->src/main/AndroidManifest.xml:18:19-56
27        <activity android:name="com.android.history.activity.LoginActivity" />
27-->src/main/AndroidManifest.xml:19:9-59
27-->src/main/AndroidManifest.xml:19:19-57
28        <activity android:name="com.android.history.activity.RegisterActivity" />
28-->src/main/AndroidManifest.xml:20:9-62
28-->src/main/AndroidManifest.xml:20:19-60
29        <activity android:name="com.android.history.activity.InfoActivity" />
29-->src/main/AndroidManifest.xml:21:9-58
29-->src/main/AndroidManifest.xml:21:19-56
30        <activity android:name="com.android.history.activity.InfoDetailActivity" />
30-->src/main/AndroidManifest.xml:22:9-64
30-->src/main/AndroidManifest.xml:22:19-62
31    </application>
32
33</manifest>